  main.cpp
E:\C++ project\CS3113\CS3113\P1\SDLProject\main.cpp(353,1): warning C4305: '*=': truncation from 'double' to 'T'
          with
          [
              T=float
          ]
E:\C++ project\CS3113\CS3113\P1\SDLProject\main.cpp(356,1): warning C4305: '/=': truncation from 'double' to 'T'
          with
          [
              T=float
          ]
E:\C++ project\CS3113\CS3113\P1\SDLProject\main.cpp(388,65): warning C4244: 'argument': conversion from 'double' to 'float', possible loss of data
E:\C++ project\CS3113\CS3113\P1\SDLProject\main.cpp(388,35): warning C4244: 'argument': conversion from 'double' to 'float', possible loss of data
E:\C++ project\CS3113\CS3113\P1\SDLProject\main.cpp(501,39): warning C4244: 'argument': conversion from 'GLuint' to 'float', possible loss of data
E:\C++ project\CS3113\CS3113\P1\SDLProject\main.cpp(503,23): warning C4244: 'argument': conversion from 'double' to 'float', possible loss of data
E:\C++ project\CS3113\CS3113\P1\SDLProject\main.cpp(503,17): warning C4244: 'argument': conversion from 'GLuint' to 'float', possible loss of data
E:\C++ project\CS3113\CS3113\P1\SDLProject\main.cpp(562,20): warning C4018: '<': signed/unsigned mismatch
E:\C++ project\CS3113\CS3113\P1\SDLProject\main.cpp(323): warning C4172: returning address of local variable or temporary
E:\C++ project\CS3113\CS3113\P1\SDLProject\main.cpp(156): warning C4715: 'Skill::activate': not all control paths return a value
  SDLProject.vcxproj -> E:\C++ project\CS3113\CS3113\P1\SDLProject\Debug\SDLProject.exe
